Using pre-set license
Built from '2020.3/staging' branch; Version is '2020.3.48f1 (b805b124c6b7) revision 12060081'; Using compiler version '192528614'; Build Type 'Release'
OS: 'Windows 10  (10.0.19045) 64bit Professional' Language: 'es' Physical Memory: 16297 MB
BatchMode: 1, IsHumanControllingUs: 0, StartBugReporterOnCrash: 0, Is64bit: 1, IsPro: 0

COMMAND LINE ARGUMENTS:
C:\Program Files\Unity\Hub\Editor\2020.3.48f1\Editor\Unity.exe
-adb2
-batchMode
-noUpm
-name
AssetImportWorker0
-projectPath
E:/Hunterdragon
-logFile
Logs/AssetImportWorker0.log
-srvPort
49947
Successfully changed project path to: E:/Hunterdragon
E:/Hunterdragon
Using Asset Import Pipeline V2.
Player connection [14968] Host "[IP] 192.168.0.101 [Port] 805523040 [Flags] 2 [Guid] 1293800715 [EditorId] 1293800715 [Version] 1048832 [Id] WindowsEditor(7,DESKTOP-C37F49D) [Debug] 1 [PackageName] WindowsEditor [ProjectName] Editor" joined multi-casting on [225.0.0.222:54997]...

Player connection [14968] Host "[IP] 192.168.0.101 [Port] 805523040 [Flags] 2 [Guid] 1293800715 [EditorId] 1293800715 [Version] 1048832 [Id] WindowsEditor(7,DESKTOP-C37F49D) [Debug] 1 [PackageName] WindowsEditor [ProjectName] Editor" joined alternative multi-casting on [225.0.0.222:34997]...

Refreshing native plugins compatible for Editor in 79.61 ms, found 9 plugins.
Preloading 2 native plugins for Editor in 2.23 ms.
Initialize engine version: 2020.3.48f1 (b805b124c6b7)
[Subsystems] Discovering subsystems at path C:/Program Files/Unity/Hub/Editor/2020.3.48f1/Editor/Data/Resources/UnitySubsystems
[Subsystems] Discovering subsystems at path E:/Hunterdragon/Assets
GfxDevice: creating device client; threaded=0
Direct3D:
    Version:  Direct3D 11.0 [level 11.1]
    Renderer: NVIDIA GeForce RTX 2060 (ID=0x1f08)
    Vendor:   
    VRAM:     5968 MB
    Driver:   31.0.15.3623
Shader 'Oculus/OVRMRCameraFrameLit': fallback shader 'Alpha-Diffuse' not found
Initialize mono
Mono path[0] = 'C:/Program Files/Unity/Hub/Editor/2020.3.48f1/Editor/Data/Managed'
Mono path[1] = 'C:/Program Files/Unity/Hub/Editor/2020.3.48f1/Editor/Data/MonoBleedingEdge/lib/mono/unityjit'
Mono config path = 'C:/Program Files/Unity/Hub/Editor/2020.3.48f1/Editor/Data/MonoBleedingEdge/etc'
Using monoOptions --debugger-agent=transport=dt_socket,embedding=1,server=y,suspend=n,address=127.0.0.1:56640
Begin MonoManager ReloadAssembly
Registering precompiled unity dll's ...
Register platform support module: C:/Program Files/Unity/Hub/Editor/2020.3.48f1/Editor/Data/PlaybackEngines/WindowsStandaloneSupport/UnityEditor.WindowsStandalone.Extensions.dll
Register platform support module: C:/Program Files/Unity/Hub/Editor/2020.3.48f1/Editor/Data/PlaybackEngines/LuminSupport/UnityEditor.Lumin.Extensions.dll
Registered in 0.001981 seconds.
Native extension for Lumin target not found
Native extension for WindowsStandalone target not found
Refreshing native plugins compatible for Editor in 70.78 ms, found 9 plugins.
Preloading 2 native plugins for Editor in 0.06 ms.
Mono: successfully reloaded assembly
- Completed reload, in  0.541 seconds
Domain Reload Profiling:
	ReloadAssembly (542ms)
		BeginReloadAssembly (54ms)
			ExecutionOrderSort (0ms)
			DisableScriptedObjects (0ms)
			BackupInstance (0ms)
			ReleaseScriptingObjects (0ms)
			CreateAndSetChildDomain (1ms)
		EndReloadAssembly (426ms)
			LoadAssemblies (53ms)
			RebuildTransferFunctionScriptingTraits (0ms)
			SetupTypeCache (129ms)
			ReleaseScriptCaches (0ms)
			RebuildScriptCaches (27ms)
			SetupLoadedEditorAssemblies (176ms)
				LogAssemblyErrors (0ms)
				InitializePlatformSupportModulesInManaged (3ms)
				SetLoadedEditorAssemblies (0ms)
				RefreshPlugins (71ms)
				BeforeProcessingInitializeOnLoad (8ms)
				ProcessInitializeOnLoadAttributes (69ms)
				ProcessInitializeOnLoadMethodAttributes (25ms)
				AfterProcessingInitializeOnLoad (0ms)
				EditorAssembliesLoaded (0ms)
			ExecutionOrderSort2 (0ms)
			AwakeInstancesAfterBackupRestoration (0ms)
Platform modules already initialized, skipping
Registering precompiled user dll's ...
Registered in 0.004326 seconds.
Begin MonoManager ReloadAssembly
Native extension for Lumin target not found
Native extension for WindowsStandalone target not found
Refreshing native plugins compatible for Editor in 1.03 ms, found 9 plugins.
Preloading 2 native plugins for Editor in 0.05 ms.
[XR] OculusXRPlugin: registering subsystems
[XR] Unable to register display lifecyle provider: [1]
[XR] Oculus Input lifecycle provider registered.
[XR] Unable to register input lifecyle provider: [1]
[XR] OVRP version 1.88.0
Mono: successfully reloaded assembly
- Completed reload, in  1.007 seconds
Domain Reload Profiling:
	ReloadAssembly (1008ms)
		BeginReloadAssembly (127ms)
			ExecutionOrderSort (0ms)
			DisableScriptedObjects (4ms)
			BackupInstance (0ms)
			ReleaseScriptingObjects (0ms)
			CreateAndSetChildDomain (19ms)
		EndReloadAssembly (830ms)
			LoadAssemblies (88ms)
			RebuildTransferFunctionScriptingTraits (0ms)
			SetupTypeCache (292ms)
			ReleaseScriptCaches (1ms)
			RebuildScriptCaches (64ms)
			SetupLoadedEditorAssemblies (313ms)
				LogAssemblyErrors (0ms)
				InitializePlatformSupportModulesInManaged (4ms)
				SetLoadedEditorAssemblies (0ms)
				RefreshPlugins (1ms)
				BeforeProcessingInitializeOnLoad (70ms)
				ProcessInitializeOnLoadAttributes (219ms)
				ProcessInitializeOnLoadMethodAttributes (13ms)
				AfterProcessingInitializeOnLoad (5ms)
				EditorAssembliesLoaded (0ms)
			ExecutionOrderSort2 (0ms)
			AwakeInstancesAfterBackupRestoration (2ms)
Platform modules already initialized, skipping
========================================================================
Worker process is ready to serve import requests
Shader 'Oculus/OVRMRCameraFrameLit': fallback shader 'Alpha-Diffuse' not found
Launched and connected shader compiler UnityShaderCompiler.exe after 0.04 seconds
Refreshing native plugins compatible for Editor in 1.16 ms, found 9 plugins.
Preloading 2 native plugins for Editor in 0.06 ms.
Unloading 3321 Unused Serialized files (Serialized files now loaded: 0)
System memory in use before: 171.9 MB.
System memory in use after: 172.1 MB.

Unloading 53 unused Assets to reduce memory usage. Loaded Objects now: 3760.
Total: 2.894600 ms (FindLiveObjects: 0.245400 ms CreateObjectMapping: 0.147000 ms MarkObjects: 2.366400 ms  DeleteObjects: 0.135100 ms)

AssetImportParameters requested are different than current active one (requested -> active):
  custom:framework-win-MediaFoundation: 216162199b28c13a410421893ffa2e32 -> 
  custom:video-decoder-ogg-theora: a1e56fd34408186e4bbccfd4996cb3dc -> 
  custom:container-muxer-webm: aa71ff27fc2769a1b78a27578f13a17b -> 
  custom:container-demuxer-webm: 4f35f7cbe854078d1ac9338744f61a02 -> 
  custom:container-demuxer-ogg: 62fdf1f143b41e24485cea50d1cbac27 -> 
  custom:video-encoder-webm-vp8: eb34c28f22e8b96e1ab97ce403110664 -> 
  custom:video-decoder-webm-vp8: 9c59270c3fd7afecdb556c50c9e8de78 -> 
  custom:audio-decoder-ogg-vorbis: bf7c407c2cedff20999df2af8eb42d56 -> 
  custom:audio-encoder-webm-vorbis: bf7c407c2cedff20999df2af8eb42d56 -> 
========================================================================
Received Import Request.
  path: Assets/VR-BowAndArrow-master/ProjectSettings
  artifactKey: Guid(ad92f5d24e971e344aba1adc8c25ec58) Importer(815301076,1909f56bfc062723c751e8b465ee728b)
Start importing Assets/VR-BowAndArrow-master/ProjectSettings using Guid(ad92f5d24e971e344aba1adc8c25ec58) Importer(815301076,1909f56bfc062723c751e8b465ee728b)  -> (artifact id: 'e6995732c120a84d215f8e3c8e691db4') in 0.008244 seconds 
========================================================================
Received Import Request.
  Time since last request: 0.000226 seconds.
  path: Assets/VR-BowAndArrow-master/Assets
  artifactKey: Guid(92e698f078ee1394c9632f393d5ab246) Importer(815301076,1909f56bfc062723c751e8b465ee728b)
Start importing Assets/VR-BowAndArrow-master/Assets using Guid(92e698f078ee1394c9632f393d5ab246) Importer(815301076,1909f56bfc062723c751e8b465ee728b)  -> (artifact id: 'b921e09f6bac835c947ba54353c4362f') in 0.020418 seconds 
========================================================================
Received Import Request.
  Time since last request: 1.211290 seconds.
  path: Assets/VR-BowAndArrow-master/Assets/_BowAndArrow/Scripts
  artifactKey: Guid(2cb5f16e65ba74c4799fb66cf2911933) Importer(815301076,1909f56bfc062723c751e8b465ee728b)
Start importing Assets/VR-BowAndArrow-master/Assets/_BowAndArrow/Scripts using Guid(2cb5f16e65ba74c4799fb66cf2911933) Importer(815301076,1909f56bfc062723c751e8b465ee728b)  -> (artifact id: 'bd9aec664cea74fe3a93e20550d1b9f0') in 0.005502 seconds 
========================================================================
Received Import Request.
  Time since last request: 1.300137 seconds.
  path: Assets/VR-BowAndArrow-master/Assets/_BowAndArrow/Scripts/Bow.cs
  artifactKey: Guid(bed6d8822a925ec43a36f07d632808d7) Importer(815301076,1909f56bfc062723c751e8b465ee728b)
Start importing Assets/VR-BowAndArrow-master/Assets/_BowAndArrow/Scripts/Bow.cs using Guid(bed6d8822a925ec43a36f07d632808d7) Importer(815301076,1909f56bfc062723c751e8b465ee728b)  -> (artifact id: 'e64cd67b7e670113e324fbac3c17ef97') in 0.045461 seconds 
========================================================================
Received Prepare
Shader 'Oculus/OVRMRCameraFrameLit': fallback shader 'Alpha-Diffuse' not found
Refreshing native plugins compatible for Editor in 10.98 ms, found 9 plugins.
Preloading 2 native plugins for Editor in 0.05 ms.
Unloading 44 Unused Serialized files (Serialized files now loaded: 0)
System memory in use before: 99.6 MB.
System memory in use after: 99.8 MB.

Unloading 44 unused Assets to reduce memory usage. Loaded Objects now: 3760.
Total: 3.928300 ms (FindLiveObjects: 0.247900 ms CreateObjectMapping: 0.160900 ms MarkObjects: 3.404400 ms  DeleteObjects: 0.114300 ms)

AssetImportParameters requested are different than current active one (requested -> active):
  custom:framework-win-MediaFoundation: 216162199b28c13a410421893ffa2e32 -> 
  custom:video-decoder-ogg-theora: a1e56fd34408186e4bbccfd4996cb3dc -> 
  custom:container-muxer-webm: aa71ff27fc2769a1b78a27578f13a17b -> 
  custom:container-demuxer-webm: 4f35f7cbe854078d1ac9338744f61a02 -> 
  custom:container-demuxer-ogg: 62fdf1f143b41e24485cea50d1cbac27 -> 
  custom:video-encoder-webm-vp8: eb34c28f22e8b96e1ab97ce403110664 -> 
  custom:video-decoder-webm-vp8: 9c59270c3fd7afecdb556c50c9e8de78 -> 
  custom:audio-decoder-ogg-vorbis: bf7c407c2cedff20999df2af8eb42d56 -> 
  custom:audio-encoder-webm-vorbis: bf7c407c2cedff20999df2af8eb42d56 -> 
========================================================================
Received Import Request.
  Time since last request: 8.857649 seconds.
  path: Assets/VR-BowAndArrow-master/Assets/_BowAndArrow/Scripts/SteamInput.cs
  artifactKey: Guid(51faf94713fa267408055f46367afc10) Importer(815301076,1909f56bfc062723c751e8b465ee728b)
Start importing Assets/VR-BowAndArrow-master/Assets/_BowAndArrow/Scripts/SteamInput.cs using Guid(51faf94713fa267408055f46367afc10) Importer(815301076,1909f56bfc062723c751e8b465ee728b)  -> (artifact id: 'e3a79afad26d3d3051b0e6722d9a44d2') in 0.006099 seconds 
========================================================================
Received Import Request.
  Time since last request: 1.154253 seconds.
  path: Assets/VR-BowAndArrow-master/Assets/_BowAndArrow/Scripts/Arrow.cs
  artifactKey: Guid(4efde785f55475d4faf016df659306fa) Importer(815301076,1909f56bfc062723c751e8b465ee728b)
Start importing Assets/VR-BowAndArrow-master/Assets/_BowAndArrow/Scripts/Arrow.cs using Guid(4efde785f55475d4faf016df659306fa) Importer(815301076,1909f56bfc062723c751e8b465ee728b)  -> (artifact id: '68888ef61a70bf674c5d7dcdabcd1475') in 0.005512 seconds 
========================================================================
Received Import Request.
  Time since last request: 5.871990 seconds.
  path: Assets/VR-BowAndArrow-master/Assets/_BowAndArrow/Scripts/OculusInput.cs
  artifactKey: Guid(af5ff1d8d94cd734e83dd85906be233a) Importer(815301076,1909f56bfc062723c751e8b465ee728b)
Start importing Assets/VR-BowAndArrow-master/Assets/_BowAndArrow/Scripts/OculusInput.cs using Guid(af5ff1d8d94cd734e83dd85906be233a) Importer(815301076,1909f56bfc062723c751e8b465ee728b)  -> (artifact id: 'baab37b35ec4f2c1741a078703c30629') in 0.005328 seconds 
========================================================================
Received Import Request.
  Time since last request: 18.414238 seconds.
  path: Assets/VR-BowAndArrow-master/Assets/_BowAndArrow/Materials/M_LightGrey.mat
  artifactKey: Guid(bc77364cebd5ea84bbdaa7560bccb7d9) Importer(815301076,1909f56bfc062723c751e8b465ee728b)
Start importing Assets/VR-BowAndArrow-master/Assets/_BowAndArrow/Materials/M_LightGrey.mat using Guid(bc77364cebd5ea84bbdaa7560bccb7d9) Importer(815301076,1909f56bfc062723c751e8b465ee728b)  -> (artifact id: '90f5773f6ae2df688d274ef8808b249a') in 0.097744 seconds 
========================================================================
Received Import Request.
  Time since last request: 0.000247 seconds.
  path: Assets/VR-BowAndArrow-master/Assets/_BowAndArrow/Materials/M_White.mat
  artifactKey: Guid(fca6a85f2cb9a5c469487f6c4a950a8a) Importer(815301076,1909f56bfc062723c751e8b465ee728b)
Start importing Assets/VR-BowAndArrow-master/Assets/_BowAndArrow/Materials/M_White.mat using Guid(fca6a85f2cb9a5c469487f6c4a950a8a) Importer(815301076,1909f56bfc062723c751e8b465ee728b)  -> (artifact id: '179480391d11324d683eca26d5d1adef') in 0.025105 seconds 
========================================================================
Received Import Request.
  Time since last request: 0.000288 seconds.
  path: Assets/VR-BowAndArrow-master/Assets/_BowAndArrow/Materials/M_Pink.mat
  artifactKey: Guid(b5640cc60e26a0b42ae17b318b139e06) Importer(815301076,1909f56bfc062723c751e8b465ee728b)
Start importing Assets/VR-BowAndArrow-master/Assets/_BowAndArrow/Materials/M_Pink.mat using Guid(b5640cc60e26a0b42ae17b318b139e06) Importer(815301076,1909f56bfc062723c751e8b465ee728b)  -> (artifact id: 'ff58114b3021923f0159b26a6abd7214') in 0.029957 seconds 
========================================================================
Received Import Request.
  Time since last request: 0.000256 seconds.
  path: Assets/VR-BowAndArrow-master/Assets/_BowAndArrow/Materials/M_Transparent.mat
  artifactKey: Guid(2b785ac165d9520498ece667e6502a27) Importer(815301076,1909f56bfc062723c751e8b465ee728b)
Start importing Assets/VR-BowAndArrow-master/Assets/_BowAndArrow/Materials/M_Transparent.mat using Guid(2b785ac165d9520498ece667e6502a27) Importer(815301076,1909f56bfc062723c751e8b465ee728b)  -> (artifact id: 'ad723b2d3d8a39cb16a8fe34485c49dd') in 0.217891 seconds 
========================================================================
Received Import Request.
  Time since last request: 0.168494 seconds.
  path: Assets/VR-BowAndArrow-master/Assets/_BowAndArrow/Meshes/SM_Arrow.fbx
  artifactKey: Guid(cdfb793862bfc6f4db3776d74885cb47) Importer(815301076,1909f56bfc062723c751e8b465ee728b)
Start importing Assets/VR-BowAndArrow-master/Assets/_BowAndArrow/Meshes/SM_Arrow.fbx using Guid(cdfb793862bfc6f4db3776d74885cb47) Importer(815301076,1909f56bfc062723c751e8b465ee728b)  -> (artifact id: '649f354c2520ba66f382a642ad14ddc9') in 0.092277 seconds 
========================================================================
Received Import Request.
  Time since last request: 0.000236 seconds.
  path: Assets/VR-BowAndArrow-master/Assets/_BowAndArrow/Meshes/SM_Bow.fbx
  artifactKey: Guid(0749e30cf9ee8c6448bd2a82cd428c5f) Importer(815301076,1909f56bfc062723c751e8b465ee728b)
Start importing Assets/VR-BowAndArrow-master/Assets/_BowAndArrow/Meshes/SM_Bow.fbx using Guid(0749e30cf9ee8c6448bd2a82cd428c5f) Importer(815301076,1909f56bfc062723c751e8b465ee728b)  -> (artifact id: '8a44041409567981f4a7c339d50b8759') in 0.051081 seconds 
========================================================================
Received Import Request.
  Time since last request: 13.857126 seconds.
  path: Assets/VR-BowAndArrow-master/Assets/_BowAndArrow/Animation
  artifactKey: Guid(869f315108cad0a409f1f4b84ffbdbab) Importer(815301076,1909f56bfc062723c751e8b465ee728b)
Start importing Assets/VR-BowAndArrow-master/Assets/_BowAndArrow/Animation using Guid(869f315108cad0a409f1f4b84ffbdbab) Importer(815301076,1909f56bfc062723c751e8b465ee728b)  -> (artifact id: '6cee872f599b16077d205b08ab6f1ef3') in 0.012798 seconds 
========================================================================
Received Import Request.
  Time since last request: 1.214574 seconds.
  path: Assets/VR-BowAndArrow-master/Assets/_BowAndArrow/Animation/BowController.controller
  artifactKey: Guid(c44f8eaa5ad59e94e98340727c399ad7) Importer(815301076,1909f56bfc062723c751e8b465ee728b)
Start importing Assets/VR-BowAndArrow-master/Assets/_BowAndArrow/Animation/BowController.controller using Guid(c44f8eaa5ad59e94e98340727c399ad7) Importer(815301076,1909f56bfc062723c751e8b465ee728b)  -> (artifact id: 'd73b46fcb2e7eb452f98b921c43ca303') in 0.008826 seconds 
========================================================================
Received Prepare
Registering precompiled user dll's ...
Registered in 0.003492 seconds.
Begin MonoManager ReloadAssembly
Native extension for Lumin target not found
Native extension for WindowsStandalone target not found
Refreshing native plugins compatible for Editor in 0.98 ms, found 9 plugins.
Preloading 2 native plugins for Editor in 0.05 ms.
Mono: successfully reloaded assembly
- Completed reload, in  0.929 seconds
Domain Reload Profiling:
	ReloadAssembly (930ms)
		BeginReloadAssembly (105ms)
			ExecutionOrderSort (0ms)
			DisableScriptedObjects (4ms)
			BackupInstance (0ms)
			ReleaseScriptingObjects (0ms)
			CreateAndSetChildDomain (34ms)
		EndReloadAssembly (770ms)
			LoadAssemblies (90ms)
			RebuildTransferFunctionScriptingTraits (0ms)
			SetupTypeCache (288ms)
			ReleaseScriptCaches (1ms)
			RebuildScriptCaches (39ms)
			SetupLoadedEditorAssemblies (282ms)
				LogAssemblyErrors (0ms)
				InitializePlatformSupportModulesInManaged (3ms)
				SetLoadedEditorAssemblies (0ms)
				RefreshPlugins (1ms)
				BeforeProcessingInitializeOnLoad (58ms)
				ProcessInitializeOnLoadAttributes (203ms)
				ProcessInitializeOnLoadMethodAttributes (11ms)
				AfterProcessingInitializeOnLoad (5ms)
				EditorAssembliesLoaded (0ms)
			ExecutionOrderSort2 (0ms)
			AwakeInstancesAfterBackupRestoration (2ms)
Platform modules already initialized, skipping
Shader 'Oculus/OVRMRCameraFrameLit': fallback shader 'Alpha-Diffuse' not found
Refreshing native plugins compatible for Editor in 1.05 ms, found 9 plugins.
Preloading 2 native plugins for Editor in 0.05 ms.
Unloading 3215 Unused Serialized files (Serialized files now loaded: 0)
System memory in use before: 179.3 MB.
System memory in use after: 179.5 MB.

Unloading 50 unused Assets to reduce memory usage. Loaded Objects now: 3808.
Total: 4.142700 ms (FindLiveObjects: 0.277600 ms CreateObjectMapping: 0.139700 ms MarkObjects: 3.554900 ms  DeleteObjects: 0.169600 ms)

AssetImportParameters requested are different than current active one (requested -> active):
  custom:framework-win-MediaFoundation: 216162199b28c13a410421893ffa2e32 -> 
  custom:video-decoder-ogg-theora: a1e56fd34408186e4bbccfd4996cb3dc -> 
  custom:container-muxer-webm: aa71ff27fc2769a1b78a27578f13a17b -> 
  custom:container-demuxer-webm: 4f35f7cbe854078d1ac9338744f61a02 -> 
  custom:container-demuxer-ogg: 62fdf1f143b41e24485cea50d1cbac27 -> 
  custom:video-encoder-webm-vp8: eb34c28f22e8b96e1ab97ce403110664 -> 
  custom:video-decoder-webm-vp8: 9c59270c3fd7afecdb556c50c9e8de78 -> 
  custom:audio-decoder-ogg-vorbis: bf7c407c2cedff20999df2af8eb42d56 -> 
  custom:audio-encoder-webm-vorbis: bf7c407c2cedff20999df2af8eb42d56 -> 
AssetImportWorkerClient::OnTransportError - code=2 error=End of file
